<?xml version="1.0" encoding="UTF-8"?>
<testng-results skipped="0" failed="0" ignored="0" total="2" passed="2">
  <reporter-output>
  </reporter-output>
  <suite name="Suite" duration-ms="38037" started-at="2018-05-26T16:30:59Z" finished-at="2018-05-26T16:31:37Z">
    <groups>
    </groups>
    <test name="Test" duration-ms="38037" started-at="2018-05-26T16:30:59Z" finished-at="2018-05-26T16:31:37Z">
      <class name="testcases.TC001_PayPalLogin">
        <test-method status="PASS" signature="beforeSuite()[pri:0, instance:testcases.TC001_PayPalLogin@45f292]" name="beforeSuite" is-config="true" duration-ms="374" started-at="2018-05-26T22:00:59Z" finished-at="2018-05-26T22:00:59Z">
          <reporter-output>
          </reporter-output>
        </test-method> <!-- beforeSuite -->
        <test-method status="PASS" signature="setData()[pri:0, instance:testcases.TC001_PayPalLogin@45f292]" name="setData" is-config="true" duration-ms="0" started-at="2018-05-26T22:00:59Z" finished-at="2018-05-26T22:00:59Z">
          <reporter-output>
          </reporter-output>
        </test-method> <!-- setData -->
        <test-method status="PASS" signature="beforeClass()[pri:0, instance:testcases.TC001_PayPalLogin@45f292]" name="beforeClass" is-config="true" duration-ms="0" started-at="2018-05-26T22:00:59Z" finished-at="2018-05-26T22:00:59Z">
          <reporter-output>
          </reporter-output>
        </test-method> <!-- beforeClass -->
        <test-method status="PASS" signature="beforeMethod()[pri:0, instance:testcases.TC001_PayPalLogin@45f292]" name="beforeMethod" is-config="true" duration-ms="8253" started-at="2018-05-26T22:01:00Z" finished-at="2018-05-26T22:01:08Z">
          <reporter-output>
          </reporter-output>
        </test-method> <!-- beforeMethod -->
        <test-method status="PASS" signature="payPalLogin(java.lang.String, java.lang.String, java.lang.String)[pri:0, instance:testcases.TC001_PayPalLogin@45f292]" name="payPalLogin" duration-ms="7930" started-at="2018-05-26T22:01:08Z" data-provider="fetchData" finished-at="2018-05-26T22:01:16Z">
          <params>
            <param index="0">
              <value>
                <![CDATA[gayatrik469@gmail.com]]>
              </value>
            </param>
            <param index="1">
              <value>
                <![CDATA[gayatrivgs9]]>
              </value>
            </param>
            <param index="2">
              <value>
                <![CDATA[gayatrivgs9]]>
              </value>
            </param>
          </params>
          <reporter-output>
          </reporter-output>
        </test-method> <!-- payPalLogin -->
        <test-method status="PASS" signature="afterMethod()[pri:0, instance:testcases.TC001_PayPalLogin@45f292]" name="afterMethod" is-config="true" duration-ms="655" started-at="2018-05-26T22:01:16Z" finished-at="2018-05-26T22:01:17Z">
          <reporter-output>
          </reporter-output>
        </test-method> <!-- afterMethod -->
        <test-method status="PASS" signature="beforeMethod()[pri:0, instance:testcases.TC001_PayPalLogin@45f292]" name="beforeMethod" is-config="true" duration-ms="9311" started-at="2018-05-26T22:01:17Z" finished-at="2018-05-26T22:01:26Z">
          <reporter-output>
          </reporter-output>
        </test-method> <!-- beforeMethod -->
        <test-method status="PASS" signature="payPalLogin(java.lang.String, java.lang.String, java.lang.String)[pri:0, instance:testcases.TC001_PayPalLogin@45f292]" name="payPalLogin" duration-ms="10603" started-at="2018-05-26T22:01:26Z" data-provider="fetchData" finished-at="2018-05-26T22:01:37Z">
          <params>
            <param index="0">
              <value>
                <![CDATA[gayatrik469@gmail.com]]>
              </value>
            </param>
            <param index="1">
              <value>
                <![CDATA[gayatri9vgs]]>
              </value>
            </param>
            <param index="2">
              <value>
                <![CDATA[gayatri9vgs]]>
              </value>
            </param>
          </params>
          <reporter-output>
          </reporter-output>
        </test-method> <!-- payPalLogin -->
        <test-method status="PASS" signature="afterMethod()[pri:0, instance:testcases.TC001_PayPalLogin@45f292]" name="afterMethod" is-config="true" duration-ms="706" started-at="2018-05-26T22:01:37Z" finished-at="2018-05-26T22:01:37Z">
          <reporter-output>
          </reporter-output>
        </test-method> <!-- afterMethod -->
        <test-method status="PASS" signature="afterTest()[pri:0, instance:testcases.TC001_PayPalLogin@45f292]" name="afterTest" is-config="true" duration-ms="0" started-at="2018-05-26T22:01:37Z" finished-at="2018-05-26T22:01:37Z">
          <reporter-output>
          </reporter-output>
        </test-method> <!-- afterTest -->
        <test-method status="PASS" signature="afterSuite()[pri:0, instance:testcases.TC001_PayPalLogin@45f292]" name="afterSuite" is-config="true" duration-ms="327" started-at="2018-05-26T22:01:37Z" finished-at="2018-05-26T22:01:38Z">
          <reporter-output>
          </reporter-output>
        </test-method> <!-- afterSuite -->
      </class> <!-- testcases.TC001_PayPalLogin -->
    </test> <!-- Test -->
  </suite> <!-- Suite -->
</testng-results>
