<?xml version="1.0" encoding="UTF-8"?>
<testng-results skipped="0" failed="0" ignored="0" total="2" passed="2">
  <reporter-output>
  </reporter-output>
  <suite name="Default suite" duration-ms="37001" started-at="2018-05-26T16:21:43Z" finished-at="2018-05-26T16:22:20Z">
    <groups>
    </groups>
    <test name="Default test" duration-ms="37001" started-at="2018-05-26T16:21:43Z" finished-at="2018-05-26T16:22:20Z">
      <class name="testcases.TC001_PayPalLogin">
        <test-method status="PASS" signature="beforeSuite()[pri:0, instance:testcases.TC001_PayPalLogin@45f292]" name="beforeSuite" is-config="true" duration-ms="193" started-at="2018-05-26T21:51:43Z" finished-at="2018-05-26T21:51:43Z">
          <reporter-output>
          </reporter-output>
        </test-method> <!-- beforeSuite -->
        <test-method status="PASS" signature="setData()[pri:0, instance:testcases.TC001_PayPalLogin@45f292]" name="setData" is-config="true" duration-ms="0" started-at="2018-05-26T21:51:43Z" finished-at="2018-05-26T21:51:43Z">
          <reporter-output>
          </reporter-output>
        </test-method> <!-- setData -->
        <test-method status="PASS" signature="beforeClass()[pri:0, instance:testcases.TC001_PayPalLogin@45f292]" name="beforeClass" is-config="true" duration-ms="0" started-at="2018-05-26T21:51:43Z" finished-at="2018-05-26T21:51:43Z">
          <reporter-output>
          </reporter-output>
        </test-method> <!-- beforeClass -->
        <test-method status="PASS" signature="beforeMethod()[pri:0, instance:testcases.TC001_PayPalLogin@45f292]" name="beforeMethod" is-config="true" duration-ms="8095" started-at="2018-05-26T21:51:43Z" finished-at="2018-05-26T21:51:51Z">
          <reporter-output>
          </reporter-output>
        </test-method> <!-- beforeMethod -->
        <test-method status="PASS" signature="payPalLogin(java.lang.String, java.lang.String, java.lang.String)[pri:0, instance:testcases.TC001_PayPalLogin@45f292]" name="payPalLogin" duration-ms="10350" started-at="2018-05-26T21:51:51Z" data-provider="fetchData" finished-at="2018-05-26T21:52:02Z">
          <params>
            <param index="0">
              <value>
                <![CDATA[gayatrik469@gmail.com]]>
              </value>
            </param>
            <param index="1">
              <value>
                <![CDATA[gayatrivgs9]]>
              </value>
            </param>
            <param index="2">
              <value>
                <![CDATA[gayatrivgs9]]>
              </value>
            </param>
          </params>
          <reporter-output>
          </reporter-output>
        </test-method> <!-- payPalLogin -->
        <test-method status="PASS" signature="afterMethod()[pri:0, instance:testcases.TC001_PayPalLogin@45f292]" name="afterMethod" is-config="true" duration-ms="643" started-at="2018-05-26T21:52:02Z" finished-at="2018-05-26T21:52:02Z">
          <reporter-output>
          </reporter-output>
        </test-method> <!-- afterMethod -->
        <test-method status="PASS" signature="beforeMethod()[pri:0, instance:testcases.TC001_PayPalLogin@45f292]" name="beforeMethod" is-config="true" duration-ms="7618" started-at="2018-05-26T21:52:02Z" finished-at="2018-05-26T21:52:10Z">
          <reporter-output>
          </reporter-output>
        </test-method> <!-- beforeMethod -->
        <test-method status="PASS" signature="payPalLogin(java.lang.String, java.lang.String, java.lang.String)[pri:0, instance:testcases.TC001_PayPalLogin@45f292]" name="payPalLogin" duration-ms="9014" started-at="2018-05-26T21:52:10Z" data-provider="fetchData" finished-at="2018-05-26T21:52:19Z">
          <params>
            <param index="0">
              <value>
                <![CDATA[gayatrik469@gmail.com]]>
              </value>
            </param>
            <param index="1">
              <value>
                <![CDATA[gayatri9vgs]]>
              </value>
            </param>
            <param index="2">
              <value>
                <![CDATA[gayatri9vgs]]>
              </value>
            </param>
          </params>
          <reporter-output>
          </reporter-output>
        </test-method> <!-- payPalLogin -->
        <test-method status="PASS" signature="afterMethod()[pri:0, instance:testcases.TC001_PayPalLogin@45f292]" name="afterMethod" is-config="true" duration-ms="650" started-at="2018-05-26T21:52:19Z" finished-at="2018-05-26T21:52:20Z">
          <reporter-output>
          </reporter-output>
        </test-method> <!-- afterMethod -->
        <test-method status="PASS" signature="afterTest()[pri:0, instance:testcases.TC001_PayPalLogin@45f292]" name="afterTest" is-config="true" duration-ms="0" started-at="2018-05-26T21:52:20Z" finished-at="2018-05-26T21:52:20Z">
          <reporter-output>
          </reporter-output>
        </test-method> <!-- afterTest -->
        <test-method status="PASS" signature="afterSuite()[pri:0, instance:testcases.TC001_PayPalLogin@45f292]" name="afterSuite" is-config="true" duration-ms="352" started-at="2018-05-26T21:52:20Z" finished-at="2018-05-26T21:52:20Z">
          <reporter-output>
          </reporter-output>
        </test-method> <!-- afterSuite -->
      </class> <!-- testcases.TC001_PayPalLogin -->
    </test> <!-- Default test -->
  </suite> <!-- Default suite -->
</testng-results>
